<?xml version="1.0" encoding="UTF-8"?>
<!-- Generated by org.testng.reporters.JUnitReportReporter -->
<testsuite hostname="DESKTOP-6334OPK" name="com.training.sanity.tests.RETC_041_MediumRealEstate_CommentDisplaysInCommentsPage" tests="2" failures="0" timestamp="14 May 2020 07:25:54 GMT" time="87.158" errors="0">
  <testcase name="verifyAddedComment" time="45.811" classname="com.training.sanity.tests.RETC_041_MediumRealEstate_CommentDisplaysInCommentsPage"/>
  <testcase name="AddComment" time="41.347" classname="com.training.sanity.tests.RETC_041_MediumRealEstate_CommentDisplaysInCommentsPage"/>
</testsuite> <!-- com.training.sanity.tests.RETC_041_MediumRealEstate_CommentDisplaysInCommentsPage -->
