<?xml version="1.0" encoding="UTF-8"?>
<!-- Generated by org.testng.reporters.JUnitReportReporter -->
<testsuite hostname="DESKTOP-6334OPK" name="com.training.sanity.tests.SimpleRealEstate_Login_DeleteCategory_AdminAddTag" tests="3" failures="0" timestamp="12 May 2020 14:06:56 GMT" time="71.264" errors="0">
  <testcase name="deletecategories" time="23.611" classname="com.training.sanity.tests.SimpleRealEstate_Login_DeleteCategory_AdminAddTag"/>
  <testcase name="validLoginTest" time="8.234" classname="com.training.sanity.tests.SimpleRealEstate_Login_DeleteCategory_AdminAddTag"/>
  <testcase name="AddTagDashBoard" time="39.419" classname="com.training.sanity.tests.SimpleRealEstate_Login_DeleteCategory_AdminAddTag"/>
</testsuite> <!-- com.training.sanity.tests.SimpleRealEstate_Login_DeleteCategory_AdminAddTag -->
