<?xml version="1.0" encoding="UTF-8"?>
<!-- Generated by org.testng.reporters.JUnitReportReporter -->
<testsuite hostname="DESKTOP-6334OPK" name="com.training.sanity.tests.RETC_041_MediumRealEstate_Comments" tests="2" failures="0" timestamp="12 May 2020 10:42:42 GMT" time="69.746" errors="0">
  <testcase name="verifyAddedComment" time="35.069" classname="com.training.sanity.tests.RETC_041_MediumRealEstate_Comments"/>
  <testcase name="AddComment" time="34.677" classname="com.training.sanity.tests.RETC_041_MediumRealEstate_Comments"/>
</testsuite> <!-- com.training.sanity.tests.RETC_041_MediumRealEstate_Comments -->
