<?xml version="1.0" encoding="UTF-8"?>
<!-- Generated by org.testng.reporters.JUnitReportReporter -->
<testsuite hostname="DESKTOP-6334OPK" name="com.training.sanity.tests.MediumRealEstate_AddedPost_BlogSection" tests="2" failures="0" timestamp="12 May 2020 08:03:51 GMT" time="112.681" errors="0">
  <testcase name="AllPosts" time="104.944" classname="com.training.sanity.tests.MediumRealEstate_AddedPost_BlogSection"/>
  <testcase name="validLoginTest" time="7.737" classname="com.training.sanity.tests.MediumRealEstate_AddedPost_BlogSection"/>
</testsuite> <!-- com.training.sanity.tests.MediumRealEstate_AddedPost_BlogSection -->
