<?xml version="1.0" encoding="UTF-8"?>
<!-- Generated by org.testng.reporters.JUnitReportReporter -->
<testsuite hostname="DESKTOP-6334OPK" name="com.training.sanity.tests.RETC_042_MediumRealEstate_AddedPostDisplaysInAllPostsPage" tests="2" failures="0" timestamp="14 May 2020 07:28:46 GMT" time="86.214" errors="0">
  <testcase name="AddPost" time="78.329" classname="com.training.sanity.tests.RETC_042_MediumRealEstate_AddedPostDisplaysInAllPostsPage"/>
  <testcase name="LogIn" time="7.885" classname="com.training.sanity.tests.RETC_042_MediumRealEstate_AddedPostDisplaysInAllPostsPage"/>
</testsuite> <!-- com.training.sanity.tests.RETC_042_MediumRealEstate_AddedPostDisplaysInAllPostsPage -->
