<?xml version="1.0" encoding="UTF-8"?>
<!-- Generated by org.testng.reporters.JUnitReportReporter -->
<testsuite hostname="DESKTOP-6334OPK" name="com.training.sanity.tests.RETC_040_MediumRealEstate_AddedPostDisplaysInBlogPage" tests="2" failures="0" timestamp="14 May 2020 07:18:55 GMT" time="91.014" errors="0">
  <testcase name="VerifyAddedPostUnderBlog" time="83.656" classname="com.training.sanity.tests.RETC_040_MediumRealEstate_AddedPostDisplaysInBlogPage"/>
  <testcase name="LogintoRealEstateApp" time="7.358" classname="com.training.sanity.tests.RETC_040_MediumRealEstate_AddedPostDisplaysInBlogPage"/>
</testsuite> <!-- com.training.sanity.tests.RETC_040_MediumRealEstate_AddedPostDisplaysInBlogPage -->
